android/app/build/intermediates/manifest_merge_blame_file/debug/manifest-merger-blame-debug-report.txt
1<?xml version="1.0" encoding="utf-8"?>
2<manifest xmlns:android="http://schemas.android.com/apk/res/android"
3    package="com.talentwarscocos"
4    android:versionCode="1"
5    android:versionName="1.0" >
6
7    <uses-sdk
8        android:minSdkVersion="21"
9        android:targetSdkVersion="34" />
10
11    <uses-permission android:name="android.permission.INTERNET" />
11-->src/main/AndroidManifest.xml:3:5-67
11-->src/main/AndroidManifest.xml:3:22-64
12    <!--
13    This manifest file is used only by Gradle to configure debug-only capabilities
14    for React Native Apps.
15    -->
16    <uses-permission android:name="android.permission.SYSTEM_ALERT_WINDOW" />
16-->[com.facebook.react:react-android:0.73.7] AndroidManifest.xml:16:5-78
16-->[com.facebook.react:react-android:0.73.7] AndroidManifest.xml:16:22-75
17    <uses-permission android:name="android.permission.ACCESS_WIFI_STATE" />
17-->[com.facebook.flipper:flipper:0.201.0] AndroidManifest.xml:14:5-76
17-->[com.facebook.flipper:flipper:0.201.0] AndroidManifest.xml:14:22-73
18
19    <permission
19-->[androidx.core:core:1.9.0] AndroidManifest.xml:22:5-24:47
20        android:name="com.talentwarscocos.DYNAMIC_RECEIVER_NOT_EXPORTED_PERMISSION"
20-->[androidx.core:core:1.9.0] AndroidManifest.xml:23:9-81
21        android:protectionLevel="signature" />
21-->[androidx.core:core:1.9.0] AndroidManifest.xml:24:9-44
22
23    <uses-permission android:name="com.talentwarscocos.DYNAMIC_RECEIVER_NOT_EXPORTED_PERMISSION" />
23-->[androidx.core:core:1.9.0] AndroidManifest.xml:26:5-97
23-->[androidx.core:core:1.9.0] AndroidManifest.xml:26:22-94
24
25    <application
25-->src/main/AndroidManifest.xml:5:5-25:19
26        android:name="com.talentwarscocos.MainApplication"
26-->src/main/AndroidManifest.xml:6:7-38
27        android:allowBackup="false"
27-->src/main/AndroidManifest.xml:10:7-34
28        android:appComponentFactory="androidx.core.app.CoreComponentFactory"
28-->[androidx.core:core:1.9.0] AndroidManifest.xml:28:18-86
29        android:debuggable="true"
30        android:extractNativeLibs="true"
31        android:icon="@mipmap/ic_launcher"
31-->src/main/AndroidManifest.xml:8:7-41
32        android:label="@string/app_name"
32-->src/main/AndroidManifest.xml:7:7-39
33        android:roundIcon="@mipmap/ic_launcher_round"
33-->src/main/AndroidManifest.xml:9:7-52
34        android:theme="@style/AppTheme"
34-->src/main/AndroidManifest.xml:11:7-38
35        android:usesCleartextTraffic="true" >
35-->src/debug/AndroidManifest.xml:6:9-44
36        <activity
36-->src/main/AndroidManifest.xml:12:7-24:18
37            android:name="com.talentwarscocos.MainActivity"
37-->src/main/AndroidManifest.xml:13:9-37
38            android:configChanges="keyboard|keyboardHidden|orientation|screenLayout|screenSize|smallestScreenSize|uiMode"
38-->src/main/AndroidManifest.xml:16:9-118
39            android:exported="true"
39-->src/main/AndroidManifest.xml:19:9-32
40            android:label="@string/app_name"
40-->src/main/AndroidManifest.xml:15:9-41
41            android:launchMode="singleTask"
41-->src/main/AndroidManifest.xml:17:9-40
42            android:screenOrientation="landscape"
42-->src/main/AndroidManifest.xml:14:9-46
43            android:windowSoftInputMode="adjustResize" >
43-->src/main/AndroidManifest.xml:18:9-51
44            <intent-filter>
44-->src/main/AndroidManifest.xml:20:9-23:25
45                <action android:name="android.intent.action.MAIN" />
45-->src/main/AndroidManifest.xml:21:13-65
45-->src/main/AndroidManifest.xml:21:21-62
46
47                <category android:name="android.intent.category.LAUNCHER" />
47-->src/main/AndroidManifest.xml:22:13-73
47-->src/main/AndroidManifest.xml:22:23-70
48            </intent-filter>
49        </activity>
50
51        <provider
51-->[:react-native-webview] AndroidManifest.xml:8:9-16:20
52            android:name="com.reactnativecommunity.webview.RNCWebViewFileProvider"
52-->[:react-native-webview] AndroidManifest.xml:9:13-83
53            android:authorities="com.talentwarscocos.fileprovider"
53-->[:react-native-webview] AndroidManifest.xml:10:13-64
54            android:exported="false"
54-->[:react-native-webview] AndroidManifest.xml:11:13-37
55            android:grantUriPermissions="true" >
55-->[:react-native-webview] AndroidManifest.xml:12:13-47
56            <meta-data
56-->[:react-native-webview] AndroidManifest.xml:13:13-15:63
57                android:name="android.support.FILE_PROVIDER_PATHS"
57-->[:react-native-webview] AndroidManifest.xml:14:17-67
58                android:resource="@xml/file_provider_paths" />
58-->[:react-native-webview] AndroidManifest.xml:15:17-60
59        </provider>
60
61        <activity
61-->[com.facebook.react:react-android:0.73.7] AndroidManifest.xml:19:9-21:40
62            android:name="com.facebook.react.devsupport.DevSettingsActivity"
62-->[com.facebook.react:react-android:0.73.7] AndroidManifest.xml:20:13-77
63            android:exported="false" />
63-->[com.facebook.react:react-android:0.73.7] AndroidManifest.xml:21:13-37
64
65        <provider
65-->[androidx.emoji2:emoji2:1.2.0] AndroidManifest.xml:24:9-32:20
66            android:name="androidx.startup.InitializationProvider"
66-->[androidx.emoji2:emoji2:1.2.0] AndroidManifest.xml:25:13-67
67            android:authorities="com.talentwarscocos.androidx-startup"
67-->[androidx.emoji2:emoji2:1.2.0] AndroidManifest.xml:26:13-68
68            android:exported="false" >
68-->[androidx.emoji2:emoji2:1.2.0] AndroidManifest.xml:27:13-37
69            <meta-data
69-->[androidx.emoji2:emoji2:1.2.0] AndroidManifest.xml:29:13-31:52
70                android:name="androidx.emoji2.text.EmojiCompatInitializer"
70-->[androidx.emoji2:emoji2:1.2.0] AndroidManifest.xml:30:17-75
71                android:value="androidx.startup" />
71-->[androidx.emoji2:emoji2:1.2.0] AndroidManifest.xml:31:17-49
72            <meta-data
72-->[androidx.lifecycle:lifecycle-process:2.4.1] AndroidManifest.xml:31:13-33:52
73                android:name="androidx.lifecycle.ProcessLifecycleInitializer"
73-->[androidx.lifecycle:lifecycle-process:2.4.1] AndroidManifest.xml:32:17-78
74                android:value="androidx.startup" />
74-->[androidx.lifecycle:lifecycle-process:2.4.1] AndroidManifest.xml:33:17-49
75        </provider>
76
77        <meta-data
77-->[com.facebook.soloader:soloader:0.10.5] AndroidManifest.xml:12:9-14:37
78            android:name="com.facebook.soloader.enabled"
78-->[com.facebook.soloader:soloader:0.10.5] AndroidManifest.xml:13:13-57
79            android:value="false" />
79-->[com.facebook.soloader:soloader:0.10.5] AndroidManifest.xml:14:13-34
80    </application>
81
82</manifest>